<?xml version="1.0" encoding="UTF-8"?>
<testsuites name="Test_Suite_1" time="0.483" tests="0" failures="0" errors="0">
   <testsuite name="Test_Suite_1" tests="0" failures="0" errors="0" time="0.483" skipped="0" timestamp="2023-07-07 09:38:44" hostname="fndiaye - mbp-de-fode.home" id="Test Suites/Test_Suite_1">
      <properties>
         <property name="deviceName" value=""/>
         <property name="devicePlatform" value=""/>
         <property name="logFolder" value="/Users/fndiaye/Katalon Studio/GroceryAPI/Reports/20230707_093840/Test_Suite_1/20230707_093841"/>
         <property name="logFiles" value="/Users/fndiaye/Katalon Studio/GroceryAPI/Reports/20230707_093840/Test_Suite_1/20230707_093841/execution0.log"/>
         <property name="attachments" value=""/>
         <property name="hostName" value="fndiaye - mbp-de-fode.home"/>
         <property name="hostAddress" value="192.168.1.7"/>
         <property name="os" value="Mac OS X 64bit"/>
         <property name="katalonVersion" value="8.6.5.208"/>
      </properties>
      <system-out><![CDATA[2023-07-07 09:38:44 - [TEST_SUITE][PASSED] - Test_Suite_1: null]]></system-out>
      <system-err><![CDATA[]]></system-err>
   </testsuite>
</testsuites>
