<?xml version="1.0" encoding="UTF-8"?>
<testsuites name="Test_Suite_1" time="12.773" tests="2" failures="0" errors="0">
   <testsuite name="Test_Suite_1" tests="2" failures="0" errors="0" time="12.773" skipped="0" timestamp="2023-07-07 10:16:18" hostname="fndiaye - mbp-de-fode.home" id="Test Suites/Test_Suite_1">
      <properties>
         <property name="deviceName" value=""/>
         <property name="devicePlatform" value=""/>
         <property name="logFolder" value="/Users/fndiaye/Katalon Studio/GroceryAPI/Reports/20230707_101613/Test_Suite_1/20230707_101614"/>
         <property name="logFiles" value="/Users/fndiaye/Katalon Studio/GroceryAPI/Reports/20230707_101613/Test_Suite_1/20230707_101614/execution0.log"/>
         <property name="attachments" value=""/>
         <property name="hostName" value="fndiaye - mbp-de-fode.home"/>
         <property name="hostAddress" value="192.168.1.7"/>
         <property name="os" value="Mac OS X 64bit"/>
         <property name="katalonVersion" value="8.6.5.208"/>
      </properties>
      <testcase name="Test Cases/Get_a_product" time="6.164" classname="Test Cases/Get_a_product" status="PASSED">
         <system-out><![CDATA[2023-07-07 10:16:18 - [TEST_CASE][PASSED] - Test Cases/Get_a_product: Test Cases/Get_a_product

2023-07-07 10:16:19 - [TEST_STEP][PASSED] - sendRequestAndVerify(findTestObject("GroceryAPI/Products/Get All Products")): Send request and verify the response successfully

2023-07-07 10:16:23 - [MESSAGE][INFO] - HAR: /Users/fndiaye/Katalon Studio/GroceryAPI/Reports/20230707_101613/Test_Suite_1/20230707_101614/requests/main/0.har

2023-07-07 10:16:23 - [TEST_CASE][PASSED] - Start Test Case : Verification: Verification accomplished successfully

2023-07-07 10:16:23 - [TEST_STEP][PASSED] - request = getInstance().getCurrentRequest(): null

2023-07-07 10:16:23 - [TEST_STEP][PASSED] - response = getInstance().getCurrentResponse(): null

2023-07-07 10:16:23 - [TEST_STEP][PASSED] - verifyResponseStatusCode(response, 200): Verify response status code successfully

2023-07-07 10:16:23 - [MESSAGE][PASSED] - Verify response status code successfully

2023-07-07 10:16:23 - [TEST_STEP][PASSED] - getStatusCode()).isEqualTo(200): null

2023-07-07 10:16:23 - [TEST_STEP][PASSED] - productId = getElementPropertyValue(response, "[0].id"): null

2023-07-07 10:16:24 - [TEST_STEP][PASSED] - println("le producID est = " + productId): null

2023-07-07 10:16:24 - [TEST_STEP][PASSED] - productId = getElementPropertyValue(response, "[0].id"): null

2023-07-07 10:16:24 - [MESSAGE][PASSED] - Verify response successfully

2023-07-07 10:16:24 - [MESSAGE][PASSED] - All validation steps have been passed

2023-07-07 10:16:24 - [MESSAGE][PASSED] - Send request and verify the response successfully

2023-07-07 10:16:24 - [TEST_STEP][PASSED] - sendRequestAndVerify(findTestObject("GroceryAPI/Products/Get a product")): Send request and verify the response successfully

2023-07-07 10:16:24 - [MESSAGE][INFO] - HAR: /Users/fndiaye/Katalon Studio/GroceryAPI/Reports/20230707_101613/Test_Suite_1/20230707_101614/requests/main/1.har

2023-07-07 10:16:24 - [TEST_CASE][PASSED] - Start Test Case : Verification: Verification accomplished successfully

2023-07-07 10:16:25 - [TEST_STEP][PASSED] - request = getInstance().getCurrentRequest(): null

2023-07-07 10:16:25 - [TEST_STEP][PASSED] - response = getInstance().getCurrentResponse(): null

2023-07-07 10:16:25 - [TEST_STEP][PASSED] - verifyResponseStatusCode(response, 200): Verify response status code successfully

2023-07-07 10:16:25 - [MESSAGE][PASSED] - Verify response status code successfully

2023-07-07 10:16:25 - [TEST_STEP][PASSED] - getStatusCode()).isEqualTo(200): null

2023-07-07 10:16:25 - [MESSAGE][PASSED] - Verify response successfully

2023-07-07 10:16:25 - [MESSAGE][PASSED] - All validation steps have been passed

2023-07-07 10:16:25 - [MESSAGE][PASSED] - Send request and verify the response successfully]]></system-out>
         <system-err><![CDATA[]]></system-err>
      </testcase>
      <testcase name="Test Cases/Add_cart_to_item" time="6.116" classname="Test Cases/Add_cart_to_item" status="PASSED">
         <system-out><![CDATA[2023-07-07 10:16:25 - [TEST_CASE][PASSED] - Test Cases/Add_cart_to_item: Test Cases/Add_cart_to_item

2023-07-07 10:16:25 - [TEST_STEP][PASSED] - sendRequestAndVerify(findTestObject("GroceryAPI/Products/Get All Products")): Send request and verify the response successfully

2023-07-07 10:16:26 - [MESSAGE][INFO] - HAR: /Users/fndiaye/Katalon Studio/GroceryAPI/Reports/20230707_101613/Test_Suite_1/20230707_101614/requests/main/2.har

2023-07-07 10:16:26 - [TEST_CASE][PASSED] - Start Test Case : Verification: Verification accomplished successfully

2023-07-07 10:16:26 - [TEST_STEP][PASSED] - request = getInstance().getCurrentRequest(): null

2023-07-07 10:16:26 - [TEST_STEP][PASSED] - response = getInstance().getCurrentResponse(): null

2023-07-07 10:16:26 - [TEST_STEP][PASSED] - verifyResponseStatusCode(response, 200): Verify response status code successfully

2023-07-07 10:16:26 - [MESSAGE][PASSED] - Verify response status code successfully

2023-07-07 10:16:26 - [TEST_STEP][PASSED] - getStatusCode()).isEqualTo(200): null

2023-07-07 10:16:26 - [TEST_STEP][PASSED] - productId = getElementPropertyValue(response, "[0].id"): null

2023-07-07 10:16:26 - [TEST_STEP][PASSED] - println("le producID est = " + productId): null

2023-07-07 10:16:26 - [TEST_STEP][PASSED] - productId = getElementPropertyValue(response, "[0].id"): null

2023-07-07 10:16:26 - [MESSAGE][PASSED] - Verify response successfully

2023-07-07 10:16:26 - [MESSAGE][PASSED] - All validation steps have been passed

2023-07-07 10:16:26 - [MESSAGE][PASSED] - Send request and verify the response successfully

2023-07-07 10:16:26 - [TEST_STEP][PASSED] - sendRequestAndVerify(findTestObject("GroceryAPI/Products/Get a product")): Send request and verify the response successfully

2023-07-07 10:16:26 - [MESSAGE][INFO] - HAR: /Users/fndiaye/Katalon Studio/GroceryAPI/Reports/20230707_101613/Test_Suite_1/20230707_101614/requests/main/3.har

2023-07-07 10:16:27 - [TEST_CASE][PASSED] - Start Test Case : Verification: Verification accomplished successfully

2023-07-07 10:16:27 - [TEST_STEP][PASSED] - request = getInstance().getCurrentRequest(): null

2023-07-07 10:16:27 - [TEST_STEP][PASSED] - response = getInstance().getCurrentResponse(): null

2023-07-07 10:16:27 - [TEST_STEP][PASSED] - verifyResponseStatusCode(response, 200): Verify response status code successfully

2023-07-07 10:16:27 - [MESSAGE][PASSED] - Verify response status code successfully

2023-07-07 10:16:27 - [TEST_STEP][PASSED] - getStatusCode()).isEqualTo(200): null

2023-07-07 10:16:27 - [MESSAGE][PASSED] - Verify response successfully

2023-07-07 10:16:27 - [MESSAGE][PASSED] - All validation steps have been passed

2023-07-07 10:16:27 - [MESSAGE][PASSED] - Send request and verify the response successfully

2023-07-07 10:16:27 - [TEST_STEP][PASSED] - sendRequestAndVerify(findTestObject("GroceryAPI/Cart/Create a new cart")): Send request and verify the response successfully

2023-07-07 10:16:28 - [MESSAGE][INFO] - HAR: /Users/fndiaye/Katalon Studio/GroceryAPI/Reports/20230707_101613/Test_Suite_1/20230707_101614/requests/main/4.har

2023-07-07 10:16:28 - [TEST_CASE][PASSED] - Start Test Case : Verification: Verification accomplished successfully

2023-07-07 10:16:28 - [TEST_STEP][PASSED] - request = getInstance().getCurrentRequest(): null

2023-07-07 10:16:28 - [TEST_STEP][PASSED] - response = getInstance().getCurrentResponse(): null

2023-07-07 10:16:28 - [TEST_STEP][PASSED] - verifyResponseStatusCode(response, 201): Verify response status code successfully

2023-07-07 10:16:28 - [MESSAGE][PASSED] - Verify response status code successfully

2023-07-07 10:16:28 - [TEST_STEP][PASSED] - getStatusCode()).isEqualTo(201): null

2023-07-07 10:16:28 - [TEST_STEP][PASSED] - cartId = getElementPropertyValue(response, "cartId"): null

2023-07-07 10:16:28 - [TEST_STEP][PASSED] - println("the cardId = " + cartId): null

2023-07-07 10:16:28 - [MESSAGE][PASSED] - Verify response successfully

2023-07-07 10:16:28 - [MESSAGE][PASSED] - All validation steps have been passed

2023-07-07 10:16:28 - [MESSAGE][PASSED] - Send request and verify the response successfully

2023-07-07 10:16:28 - [TEST_STEP][PASSED] - sendRequestAndVerify(findTestObject("GroceryAPI/Cart/Add an item to cart")): Send request and verify the response successfully

2023-07-07 10:16:29 - [MESSAGE][INFO] - HAR: /Users/fndiaye/Katalon Studio/GroceryAPI/Reports/20230707_101613/Test_Suite_1/20230707_101614/requests/main/5.har

2023-07-07 10:16:29 - [TEST_CASE][PASSED] - Start Test Case : Verification: Verification accomplished successfully

2023-07-07 10:16:29 - [TEST_STEP][PASSED] - request = getInstance().getCurrentRequest(): null

2023-07-07 10:16:29 - [TEST_STEP][PASSED] - response = getInstance().getCurrentResponse(): null

2023-07-07 10:16:29 - [TEST_STEP][PASSED] - itemId = getElementPropertyValue(response, "itemId"): null

2023-07-07 10:16:29 - [TEST_STEP][PASSED] - verifyResponseStatusCode(response, 201): Verify response status code successfully

2023-07-07 10:16:29 - [MESSAGE][PASSED] - Verify response status code successfully

2023-07-07 10:16:29 - [TEST_STEP][PASSED] - getStatusCode()).isEqualTo(201): null

2023-07-07 10:16:29 - [MESSAGE][PASSED] - Verify response successfully

2023-07-07 10:16:29 - [MESSAGE][PASSED] - All validation steps have been passed

2023-07-07 10:16:29 - [MESSAGE][PASSED] - Send request and verify the response successfully

2023-07-07 10:16:29 - [TEST_STEP][PASSED] - sendRequestAndVerify(findTestObject("GroceryAPI/Cart/Get cart items")): Send request and verify the response successfully

2023-07-07 10:16:30 - [MESSAGE][INFO] - HAR: /Users/fndiaye/Katalon Studio/GroceryAPI/Reports/20230707_101613/Test_Suite_1/20230707_101614/requests/main/6.har

2023-07-07 10:16:30 - [TEST_CASE][PASSED] - Start Test Case : Verification: Verification accomplished successfully

2023-07-07 10:16:30 - [TEST_STEP][PASSED] - request = getInstance().getCurrentRequest(): null

2023-07-07 10:16:30 - [TEST_STEP][PASSED] - response = getInstance().getCurrentResponse(): null

2023-07-07 10:16:30 - [TEST_STEP][PASSED] - verifyResponseStatusCode(response, 200): Verify response status code successfully

2023-07-07 10:16:30 - [MESSAGE][PASSED] - Verify response status code successfully

2023-07-07 10:16:30 - [TEST_STEP][PASSED] - getStatusCode()).isEqualTo(200): null

2023-07-07 10:16:30 - [MESSAGE][PASSED] - Verify response successfully

2023-07-07 10:16:30 - [MESSAGE][PASSED] - All validation steps have been passed

2023-07-07 10:16:30 - [MESSAGE][PASSED] - Send request and verify the response successfully

2023-07-07 10:16:30 - [TEST_STEP][PASSED] - sendRequestAndVerify(findTestObject("GroceryAPI/Cart/Get a cart")): Send request and verify the response successfully

2023-07-07 10:16:31 - [MESSAGE][INFO] - HAR: /Users/fndiaye/Katalon Studio/GroceryAPI/Reports/20230707_101613/Test_Suite_1/20230707_101614/requests/main/7.har

2023-07-07 10:16:31 - [TEST_CASE][PASSED] - Start Test Case : Verification: Verification accomplished successfully

2023-07-07 10:16:31 - [TEST_STEP][PASSED] - request = getInstance().getCurrentRequest(): null

2023-07-07 10:16:31 - [TEST_STEP][PASSED] - response = getInstance().getCurrentResponse(): null

2023-07-07 10:16:31 - [TEST_STEP][PASSED] - verifyResponseStatusCode(response, 200): Verify response status code successfully

2023-07-07 10:16:31 - [MESSAGE][PASSED] - Verify response status code successfully

2023-07-07 10:16:31 - [TEST_STEP][PASSED] - getStatusCode()).isEqualTo(200): null

2023-07-07 10:16:31 - [MESSAGE][PASSED] - Verify response successfully

2023-07-07 10:16:31 - [MESSAGE][PASSED] - All validation steps have been passed

2023-07-07 10:16:31 - [MESSAGE][PASSED] - Send request and verify the response successfully]]></system-out>
         <system-err><![CDATA[]]></system-err>
      </testcase>
      <system-out><![CDATA[2023-07-07 10:16:18 - [TEST_SUITE][PASSED] - Test_Suite_1: Test Cases/Add_cart_to_item]]></system-out>
      <system-err><![CDATA[]]></system-err>
   </testsuite>
</testsuites>
